<?xml version="1.0" encoding="UTF-8"?>
<!-- Generated by org.testng.reporters.JUnitXMLReporter -->
<testsuite hostname="DESKTOP-05ECBNF" ignored="0" name="Test-method test" tests="2" failures="0" timestamp="22 Feb 2020 09:56:40 GMT" time="19.377" errors="0">
  <testcase name="methodtest1" time="2.955" classname="com.qait.TestNGSelenium.TestSelenium1"/>
  <testcase name="methodtest2" time="7.736" classname="com.qait.TestNGSelenium.TestSelenium2"/>
</testsuite> <!-- Test-method test -->
