<?xml version="1.0" encoding="UTF-8"?>
<!-- Generated by org.testng.reporters.JUnitXMLReporter -->
<testsuite hostname="DESKTOP-05ECBNF" ignored="0" name="Test-method test" tests="6" failures="0" timestamp="22 Feb 2020 13:41:08 GMT" time="0.083" errors="0">
  <testcase name="testmessageone" time="0.009" classname="com.qait.TestNGSelenium.TestClass1"/>
  <testcase name="testMethodsTwo" time="0.009" classname="com.qait.TestNGSelenium.TestClass1"/>
  <testcase name="testmessagetwo" time="0.003" classname="com.qait.TestNGSelenium.TestClass1"/>
  <testcase name="testMethodsOne" time="0.002" classname="com.qait.TestNGSelenium.TestClass1"/>
  <testcase name="parameterTest" time="0.003" classname="com.qait.TestNGSelenium.TestClass1"/>
  <testcase name="Testdepends" time="0.003" classname="com.qait.TestNGSelenium.TestClass1"/>
</testsuite> <!-- Test-method test -->
