<?xml version="1.0" encoding="UTF-8"?>
<!-- Generated by org.testng.reporters.JUnitReportReporter -->
<testsuite skipped="0" hostname="DESKTOP-05ECBNF" name="com.qait.TestNGSelenium.TestClass1" tests="6" failures="0" timestamp="22 Feb 2020 13:41:08 GMT" time="0.058" errors="0">
  <testcase name="testmessageone" time="0.010" classname="com.qait.TestNGSelenium.TestClass1"/>
  <testcase name="testmessagetwo" time="0.005" classname="com.qait.TestNGSelenium.TestClass1"/>
  <testcase name="parameterTest" time="0.005" classname="com.qait.TestNGSelenium.TestClass1"/>
  <testcase name="testMethodsTwo" time="0.017" classname="com.qait.TestNGSelenium.TestClass1"/>
  <testcase name="Testdepends" time="0.010" classname="com.qait.TestNGSelenium.TestClass1"/>
  <testcase name="testMethodsOne" time="0.011" classname="com.qait.TestNGSelenium.TestClass1"/>
</testsuite> <!-- com.qait.TestNGSelenium.TestClass1 -->
