<?xml version="1.0" encoding="UTF-8"?>
<!-- Generated by org.testng.reporters.JUnitReportReporter -->
<testsuite skipped="0" hostname="DESKTOP-05ECBNF" name="com.qait.TestNGSelenium.TestSelenium1" tests="1" failures="0" timestamp="22 Feb 2020 09:56:40 GMT" time="2.955" errors="0">
  <testcase name="methodtest1" time="2.955" classname="com.qait.TestNGSelenium.TestSelenium1"/>
</testsuite> <!-- com.qait.TestNGSelenium.TestSelenium1 -->
