<?xml version="1.0" encoding="UTF-8"?>
<!-- Generated by org.testng.reporters.JUnitReportReporter -->
<testsuite skipped="0" hostname="DESKTOP-05ECBNF" name="com.qait.TestNGSelenium.TestClass1" tests="2" failures="0" timestamp="22 Feb 2020 08:33:54 GMT" time="0.031" errors="0">
  <testcase name="testMethodsTwo" time="0.015" classname="com.qait.TestNGSelenium.TestClass1"/>
  <testcase name="testMethodsOne" time="0.016" classname="com.qait.TestNGSelenium.TestClass1"/>
</testsuite> <!-- com.qait.TestNGSelenium.TestClass1 -->
