<?xml version="1.0" encoding="UTF-8"?>
<!-- Generated by org.testng.reporters.JUnitReportReporter -->
<testsuite skipped="0" hostname="DESKTOP-05ECBNF" name="com.qait.TestNGSelenium.TestSelenium2" tests="1" failures="0" timestamp="22 Feb 2020 09:56:40 GMT" time="7.736" errors="0">
  <testcase name="methodtest2" time="7.736" classname="com.qait.TestNGSelenium.TestSelenium2"/>
</testsuite> <!-- com.qait.TestNGSelenium.TestSelenium2 -->
