<?xml version="1.0" encoding="UTF-8"?>
<!-- Generated by org.testng.reporters.JUnitReportReporter -->
<testsuite skipped="0" hostname="DESKTOP-05ECBNF" name="com.qait.TestNGSelenium.TestClass3" tests="2" failures="0" timestamp="22 Feb 2020 09:01:27 GMT" time="0.004" errors="0">
  <testcase name="test1" time="0.002" classname="com.qait.TestNGSelenium.TestClass3"/>
  <testcase name="test2" time="0.002" classname="com.qait.TestNGSelenium.TestClass3"/>
</testsuite> <!-- com.qait.TestNGSelenium.TestClass3 -->
